<?xml version="1.0" encoding="UTF-8"?>
<!-- Generated by org.testng.reporters.JUnitReportReporter -->
<testsuite skipped="0" hostname="DESKTOP-5TDU5SH" name="testCases.ReadOneProducts" tests="1" failures="0" timestamp="2023-02-07T14:49:35 CST" time="2.507" errors="0">
  <testcase name="readOneProducts" time="2.507" classname="testCases.ReadOneProducts"/>
  <system-out/>
</testsuite> <!-- testCases.ReadOneProducts -->
