<?xml version="1.0" encoding="UTF-8"?>
<!-- Generated by org.testng.reporters.JUnitReportReporter -->
<testsuite skipped="0" hostname="DESKTOP-5TDU5SH" name="testCases.CreateOneProducts" tests="3" failures="0" timestamp="2023-04-18T22:30:05 CDT" time="4.218" errors="0">
  <testcase name="createOneProducts" time="2.732" classname="testCases.CreateOneProducts"/>
  <system-out/>
  <testcase name="readAllProducts" time="0.968" classname="testCases.CreateOneProducts"/>
  <system-out/>
  <testcase name="readOneProduct" time="0.518" classname="testCases.CreateOneProducts"/>
  <system-out/>
</testsuite> <!-- testCases.CreateOneProducts -->
