<?xml version="1.0" encoding="UTF-8"?>
<!-- Generated by org.testng.reporters.JUnitReportReporter -->
<testsuite skipped="0" hostname="DESKTOP-5TDU5SH" name="testCases.ReadAllProducts" tests="1" failures="0" timestamp="2023-04-18T22:30:05 CDT" time="0.864" errors="0">
  <testcase name="readAllProducts" time="0.864" classname="testCases.ReadAllProducts"/>
  <system-out/>
</testsuite> <!-- testCases.ReadAllProducts -->
